<?xml version="1.0" encoding="UTF-8"?>
<testng-results skipped="0" failed="0" ignored="0" total="2" passed="2">
  <reporter-output>
  </reporter-output>
  <suite name="Default suite" duration-ms="140325" started-at="2022-09-27T14:24:43 IST" finished-at="2022-09-27T14:27:03 IST">
    <groups>
    </groups>
    <test name="Default test" duration-ms="140325" started-at="2022-09-27T14:24:43 IST" finished-at="2022-09-27T14:27:03 IST">
      <class name="MyTestCases.VerifyLoginPage">
        <test-method status="PASS" signature="browserLaunch()[pri:0, instance:MyTestCases.VerifyLoginPage@553a3d88]" name="browserLaunch" is-config="true" duration-ms="101074" started-at="2022-09-27T14:24:43 IST" finished-at="2022-09-27T14:26:24 IST">
          <reporter-output>
          </reporter-output>
        </test-method> <!-- browserLaunch -->
        <test-method status="PASS" signature="loginVerification(java.lang.String,java.lang.String)[pri:0, instance:MyTestCases.VerifyLoginPage@553a3d88]" name="loginVerification" duration-ms="13267" started-at="2022-09-27T14:26:24 IST" data-provider="loginData" finished-at="2022-09-27T14:26:38 IST">
          <params>
            <param index="0">
              <value>
                <![CDATA[hari123]]>
              </value>
            </param>
            <param index="1">
              <value>
                <![CDATA[pass123]]>
              </value>
            </param>
          </params>
          <reporter-output>
          </reporter-output>
        </test-method> <!-- loginVerification -->
        <test-method status="PASS" signature="browserClose()[pri:0, instance:MyTestCases.VerifyLoginPage@553a3d88]" name="browserClose" is-config="true" duration-ms="3005" started-at="2022-09-27T14:26:38 IST" finished-at="2022-09-27T14:26:41 IST">
          <reporter-output>
          </reporter-output>
        </test-method> <!-- browserClose -->
        <test-method status="PASS" signature="browserLaunch()[pri:0, instance:MyTestCases.VerifyLoginPage@553a3d88]" name="browserLaunch" is-config="true" duration-ms="17091" started-at="2022-09-27T14:26:41 IST" finished-at="2022-09-27T14:26:58 IST">
          <reporter-output>
          </reporter-output>
        </test-method> <!-- browserLaunch -->
        <test-method status="PASS" signature="loginVerification(java.lang.String,java.lang.String)[pri:0, instance:MyTestCases.VerifyLoginPage@553a3d88]" name="loginVerification" duration-ms="419" started-at="2022-09-27T14:26:58 IST" data-provider="loginData" finished-at="2022-09-27T14:26:58 IST">
          <params>
            <param index="0">
              <value>
                <![CDATA[hari456]]>
              </value>
            </param>
            <param index="1">
              <value>
                <![CDATA[pass456]]>
              </value>
            </param>
          </params>
          <reporter-output>
          </reporter-output>
        </test-method> <!-- loginVerification -->
        <test-method status="PASS" signature="browserClose()[pri:0, instance:MyTestCases.VerifyLoginPage@553a3d88]" name="browserClose" is-config="true" duration-ms="5121" started-at="2022-09-27T14:26:58 IST" finished-at="2022-09-27T14:27:03 IST">
          <reporter-output>
          </reporter-output>
        </test-method> <!-- browserClose -->
      </class> <!-- MyTestCases.VerifyLoginPage -->
    </test> <!-- Default test -->
  </suite> <!-- Default suite -->
</testng-results>
